<?xml version="1.0" encoding="UTF-8"?>
<testsuite xmlns:xsi="http://www.w3.org/2001/XMLSchema-instance" xsi:noNamespaceSchemaLocation="https://maven.apache.org/surefire/maven-surefire-plugin/xsd/surefire-test-report.xsd" name="superstream.AppTest" time="0.039" tests="1" errors="0" skipped="0" failures="0">
  <properties>
    <property name="gopherProxySet" value="false"/>
    <property name="awt.toolkit" value="sun.lwawt.macosx.LWCToolkit"/>
    <property name="file.encoding.pkg" value="sun.io"/>
    <property name="java.specification.version" value="1.8"/>
    <property name="sun.cpu.isalist" value=""/>
    <property name="sun.jnu.encoding" value="UTF-8"/>
    <property name="java.class.path" value="/Users/shay23bra/memphisdev/superstream.java/superstream/target/test-classes:/Users/shay23bra/memphisdev/superstream.java/superstream/target/classes:/Users/shay23bra/.m2/repository/junit/junit/4.11/junit-4.11.jar:/Users/shay23bra/.m2/repository/org/hamcrest/hamcrest-core/1.3/hamcrest-core-1.3.jar:/Users/shay23bra/.m2/repository/com/google/protobuf/protobuf-java-util/3.19.1/protobuf-java-util-3.19.1.jar:/Users/shay23bra/.m2/repository/com/google/guava/guava/30.1.1-android/guava-30.1.1-android.jar:/Users/shay23bra/.m2/repository/com/google/guava/failureaccess/1.0.1/failureaccess-1.0.1.jar:/Users/shay23bra/.m2/repository/com/google/guava/listenablefuture/9999.0-empty-to-avoid-conflict-with-guava/listenablefuture-9999.0-empty-to-avoid-conflict-with-guava.jar:/Users/shay23bra/.m2/repository/org/checkerframework/checker-compat-qual/2.5.5/checker-compat-qual-2.5.5.jar:/Users/shay23bra/.m2/repository/com/google/errorprone/error_prone_annotations/2.5.1/error_prone_annotations-2.5.1.jar:/Users/shay23bra/.m2/repository/com/google/j2objc/j2objc-annotations/1.3/j2objc-annotations-1.3.jar:/Users/shay23bra/.m2/repository/com/google/code/findbugs/jsr305/3.0.2/jsr305-3.0.2.jar:/Users/shay23bra/.m2/repository/com/google/protobuf/protobuf-java/3.19.1/protobuf-java-3.19.1.jar:/Users/shay23bra/.m2/repository/com/google/code/gson/gson/2.8.8/gson-2.8.8.jar:/Users/shay23bra/.m2/repository/com/fasterxml/jackson/core/jackson-databind/2.16.1/jackson-databind-2.16.1.jar:/Users/shay23bra/.m2/repository/com/fasterxml/jackson/core/jackson-annotations/2.16.1/jackson-annotations-2.16.1.jar:/Users/shay23bra/.m2/repository/com/fasterxml/jackson/core/jackson-core/2.16.1/jackson-core-2.16.1.jar:/Users/shay23bra/.m2/repository/org/apache/kafka/kafka-clients/3.2.0/kafka-clients-3.2.0.jar:/Users/shay23bra/.m2/repository/com/github/luben/zstd-jni/1.5.2-1/zstd-jni-1.5.2-1.jar:/Users/shay23bra/.m2/repository/org/lz4/lz4-java/1.8.0/lz4-java-1.8.0.jar:/Users/shay23bra/.m2/repository/org/xerial/snappy/snappy-java/1.1.8.4/snappy-java-1.1.8.4.jar:/Users/shay23bra/.m2/repository/org/slf4j/slf4j-api/1.7.32/slf4j-api-1.7.32.jar:/Users/shay23bra/.m2/repository/org/slf4j/slf4j-simple/1.7.32/slf4j-simple-1.7.32.jar:/Users/shay23bra/.m2/repository/io/nats/jnats/2.17.3/jnats-2.17.3.jar:/Users/shay23bra/.m2/repository/net/i2p/crypto/eddsa/0.3.0/eddsa-0.3.0.jar:"/>
    <property name="java.vm.vendor" value="AdoptOpenJDK"/>
    <property name="sun.arch.data.model" value="64"/>
    <property name="java.vendor.url" value="https://adoptopenjdk.net/"/>
    <property name="user.timezone" value=""/>
    <property name="java.vm.specification.version" value="1.8"/>
    <property name="os.name" value="Mac OS X"/>
    <property name="user.country" value="IL"/>
    <property name="sun.java.launcher" value="SUN_STANDARD"/>
    <property name="sun.boot.library.path" value="/Users/shay23bra/Library/Caches/Coursier/arc/https/github.com/AdoptOpenJDK/openjdk8-binaries/releases/download/jdk8u292-b10/OpenJDK8U-jdk_x64_mac_hotspot_8u292b10.tar.gz/jdk8u292-b10/Contents/Home/jre/lib"/>
    <property name="sun.java.command" value="/Users/shay23bra/memphisdev/superstream.java/superstream/target/surefire/surefirebooter6191587022683894051.jar /Users/shay23bra/memphisdev/superstream.java/superstream/target/surefire 2024-02-08T11-43-31_492-jvmRun1 surefire7168139635125922670tmp surefire_01486397595824217091tmp"/>
    <property name="http.nonProxyHosts" value="local|*.local|169.254/16|*.169.254/16"/>
    <property name="surefire.test.class.path" value="/Users/shay23bra/memphisdev/superstream.java/superstream/target/test-classes:/Users/shay23bra/memphisdev/superstream.java/superstream/target/classes:/Users/shay23bra/.m2/repository/junit/junit/4.11/junit-4.11.jar:/Users/shay23bra/.m2/repository/org/hamcrest/hamcrest-core/1.3/hamcrest-core-1.3.jar:/Users/shay23bra/.m2/repository/com/google/protobuf/protobuf-java-util/3.19.1/protobuf-java-util-3.19.1.jar:/Users/shay23bra/.m2/repository/com/google/guava/guava/30.1.1-android/guava-30.1.1-android.jar:/Users/shay23bra/.m2/repository/com/google/guava/failureaccess/1.0.1/failureaccess-1.0.1.jar:/Users/shay23bra/.m2/repository/com/google/guava/listenablefuture/9999.0-empty-to-avoid-conflict-with-guava/listenablefuture-9999.0-empty-to-avoid-conflict-with-guava.jar:/Users/shay23bra/.m2/repository/org/checkerframework/checker-compat-qual/2.5.5/checker-compat-qual-2.5.5.jar:/Users/shay23bra/.m2/repository/com/google/errorprone/error_prone_annotations/2.5.1/error_prone_annotations-2.5.1.jar:/Users/shay23bra/.m2/repository/com/google/j2objc/j2objc-annotations/1.3/j2objc-annotations-1.3.jar:/Users/shay23bra/.m2/repository/com/google/code/findbugs/jsr305/3.0.2/jsr305-3.0.2.jar:/Users/shay23bra/.m2/repository/com/google/protobuf/protobuf-java/3.19.1/protobuf-java-3.19.1.jar:/Users/shay23bra/.m2/repository/com/google/code/gson/gson/2.8.8/gson-2.8.8.jar:/Users/shay23bra/.m2/repository/com/fasterxml/jackson/core/jackson-databind/2.16.1/jackson-databind-2.16.1.jar:/Users/shay23bra/.m2/repository/com/fasterxml/jackson/core/jackson-annotations/2.16.1/jackson-annotations-2.16.1.jar:/Users/shay23bra/.m2/repository/com/fasterxml/jackson/core/jackson-core/2.16.1/jackson-core-2.16.1.jar:/Users/shay23bra/.m2/repository/org/apache/kafka/kafka-clients/3.2.0/kafka-clients-3.2.0.jar:/Users/shay23bra/.m2/repository/com/github/luben/zstd-jni/1.5.2-1/zstd-jni-1.5.2-1.jar:/Users/shay23bra/.m2/repository/org/lz4/lz4-java/1.8.0/lz4-java-1.8.0.jar:/Users/shay23bra/.m2/repository/org/xerial/snappy/snappy-java/1.1.8.4/snappy-java-1.1.8.4.jar:/Users/shay23bra/.m2/repository/org/slf4j/slf4j-api/1.7.32/slf4j-api-1.7.32.jar:/Users/shay23bra/.m2/repository/org/slf4j/slf4j-simple/1.7.32/slf4j-simple-1.7.32.jar:/Users/shay23bra/.m2/repository/io/nats/jnats/2.17.3/jnats-2.17.3.jar:/Users/shay23bra/.m2/repository/net/i2p/crypto/eddsa/0.3.0/eddsa-0.3.0.jar:"/>
    <property name="sun.cpu.endian" value="little"/>
    <property name="user.home" value="/Users/shay23bra"/>
    <property name="user.language" value="en"/>
    <property name="java.specification.vendor" value="Oracle Corporation"/>
    <property name="java.home" value="/Users/shay23bra/Library/Caches/Coursier/arc/https/github.com/AdoptOpenJDK/openjdk8-binaries/releases/download/jdk8u292-b10/OpenJDK8U-jdk_x64_mac_hotspot_8u292b10.tar.gz/jdk8u292-b10/Contents/Home/jre"/>
    <property name="basedir" value="/Users/shay23bra/memphisdev/superstream.java/superstream"/>
    <property name="file.separator" value="/"/>
    <property name="line.separator" value="&#10;"/>
    <property name="java.vm.specification.vendor" value="Oracle Corporation"/>
    <property name="java.specification.name" value="Java Platform API Specification"/>
    <property name="java.awt.graphicsenv" value="sun.awt.CGraphicsEnvironment"/>
    <property name="surefire.real.class.path" value="/Users/shay23bra/memphisdev/superstream.java/superstream/target/surefire/surefirebooter6191587022683894051.jar"/>
    <property name="sun.boot.class.path" value="/Users/shay23bra/Library/Caches/Coursier/arc/https/github.com/AdoptOpenJDK/openjdk8-binaries/releases/download/jdk8u292-b10/OpenJDK8U-jdk_x64_mac_hotspot_8u292b10.tar.gz/jdk8u292-b10/Contents/Home/jre/lib/resources.jar:/Users/shay23bra/Library/Caches/Coursier/arc/https/github.com/AdoptOpenJDK/openjdk8-binaries/releases/download/jdk8u292-b10/OpenJDK8U-jdk_x64_mac_hotspot_8u292b10.tar.gz/jdk8u292-b10/Contents/Home/jre/lib/rt.jar:/Users/shay23bra/Library/Caches/Coursier/arc/https/github.com/AdoptOpenJDK/openjdk8-binaries/releases/download/jdk8u292-b10/OpenJDK8U-jdk_x64_mac_hotspot_8u292b10.tar.gz/jdk8u292-b10/Contents/Home/jre/lib/sunrsasign.jar:/Users/shay23bra/Library/Caches/Coursier/arc/https/github.com/AdoptOpenJDK/openjdk8-binaries/releases/download/jdk8u292-b10/OpenJDK8U-jdk_x64_mac_hotspot_8u292b10.tar.gz/jdk8u292-b10/Contents/Home/jre/lib/jsse.jar:/Users/shay23bra/Library/Caches/Coursier/arc/https/github.com/AdoptOpenJDK/openjdk8-binaries/releases/download/jdk8u292-b10/OpenJDK8U-jdk_x64_mac_hotspot_8u292b10.tar.gz/jdk8u292-b10/Contents/Home/jre/lib/jce.jar:/Users/shay23bra/Library/Caches/Coursier/arc/https/github.com/AdoptOpenJDK/openjdk8-binaries/releases/download/jdk8u292-b10/OpenJDK8U-jdk_x64_mac_hotspot_8u292b10.tar.gz/jdk8u292-b10/Contents/Home/jre/lib/charsets.jar:/Users/shay23bra/Library/Caches/Coursier/arc/https/github.com/AdoptOpenJDK/openjdk8-binaries/releases/download/jdk8u292-b10/OpenJDK8U-jdk_x64_mac_hotspot_8u292b10.tar.gz/jdk8u292-b10/Contents/Home/jre/lib/jfr.jar:/Users/shay23bra/Library/Caches/Coursier/arc/https/github.com/AdoptOpenJDK/openjdk8-binaries/releases/download/jdk8u292-b10/OpenJDK8U-jdk_x64_mac_hotspot_8u292b10.tar.gz/jdk8u292-b10/Contents/Home/jre/classes"/>
    <property name="sun.management.compiler" value="HotSpot 64-Bit Tiered Compilers"/>
    <property name="ftp.nonProxyHosts" value="local|*.local|169.254/16|*.169.254/16"/>
    <property name="java.runtime.version" value="1.8.0_292-b10"/>
    <property name="user.name" value="shay23bra"/>
    <property name="path.separator" value=":"/>
    <property name="os.version" value="10.16"/>
    <property name="java.endorsed.dirs" value="/Users/shay23bra/Library/Caches/Coursier/arc/https/github.com/AdoptOpenJDK/openjdk8-binaries/releases/download/jdk8u292-b10/OpenJDK8U-jdk_x64_mac_hotspot_8u292b10.tar.gz/jdk8u292-b10/Contents/Home/jre/lib/endorsed"/>
    <property name="java.runtime.name" value="OpenJDK Runtime Environment"/>
    <property name="file.encoding" value="UTF-8"/>
    <property name="java.vm.name" value="OpenJDK 64-Bit Server VM"/>
    <property name="localRepository" value="/Users/shay23bra/.m2/repository"/>
    <property name="java.vendor.url.bug" value="https://github.com/AdoptOpenJDK/openjdk-support/issues"/>
    <property name="java.io.tmpdir" value="/var/folders/65/4t5f66v12q7ftgbk05_cn1_c0000gn/T/"/>
    <property name="java.version" value="1.8.0_292"/>
    <property name="user.dir" value="/Users/shay23bra/memphisdev/superstream.java/superstream"/>
    <property name="os.arch" value="x86_64"/>
    <property name="java.vm.specification.name" value="Java Virtual Machine Specification"/>
    <property name="java.awt.printerjob" value="sun.lwawt.macosx.CPrinterJob"/>
    <property name="sun.os.patch.level" value="unknown"/>
    <property name="java.library.path" value="/Users/shay23bra/Library/Java/Extensions:/Library/Java/Extensions:/Network/Library/Java/Extensions:/System/Library/Java/Extensions:/usr/lib/java:."/>
    <property name="java.vm.info" value="mixed mode"/>
    <property name="java.vendor" value="AdoptOpenJDK"/>
    <property name="java.vm.version" value="25.292-b10"/>
    <property name="java.ext.dirs" value="/Users/shay23bra/Library/Java/Extensions:/Users/shay23bra/Library/Caches/Coursier/arc/https/github.com/AdoptOpenJDK/openjdk8-binaries/releases/download/jdk8u292-b10/OpenJDK8U-jdk_x64_mac_hotspot_8u292b10.tar.gz/jdk8u292-b10/Contents/Home/jre/lib/ext:/Library/Java/Extensions:/Network/Library/Java/Extensions:/System/Library/Java/Extensions:/usr/lib/java"/>
    <property name="sun.io.unicode.encoding" value="UnicodeBig"/>
    <property name="java.class.version" value="52.0"/>
    <property name="socksNonProxyHosts" value="local|*.local|169.254/16|*.169.254/16"/>
  </properties>
  <testcase name="testApp" classname="superstream.AppTest" time="0.001"/>
</testsuite>