<?xml version="1.0" encoding="UTF-8"?>
<testsuite xmlns:xsi="http://www.w3.org/2001/XMLSchema-instance" xsi:noNamespaceSchemaLocation="https://maven.apache.org/surefire/maven-surefire-plugin/xsd/surefire-test-report.xsd" name="superstream.AppTest" time="0.015" tests="1" errors="0" skipped="0" failures="0">
  <properties>
    <property name="java.specification.version" value="22"/>
    <property name="sun.jnu.encoding" value="UTF-8"/>
    <property name="java.class.path" value="/Users/shay23bra/memphisdev/superstream.java/target/test-classes:/Users/shay23bra/memphisdev/superstream.java/target/classes:/Users/shay23bra/.m2/repository/junit/junit/4.11/junit-4.11.jar:/Users/shay23bra/.m2/repository/org/hamcrest/hamcrest-core/1.3/hamcrest-core-1.3.jar:/Users/shay23bra/.m2/repository/com/google/protobuf/protobuf-java-util/3.19.1/protobuf-java-util-3.19.1.jar:/Users/shay23bra/.m2/repository/com/google/guava/guava/30.1.1-android/guava-30.1.1-android.jar:/Users/shay23bra/.m2/repository/com/google/guava/failureaccess/1.0.1/failureaccess-1.0.1.jar:/Users/shay23bra/.m2/repository/com/google/guava/listenablefuture/9999.0-empty-to-avoid-conflict-with-guava/listenablefuture-9999.0-empty-to-avoid-conflict-with-guava.jar:/Users/shay23bra/.m2/repository/org/checkerframework/checker-compat-qual/2.5.5/checker-compat-qual-2.5.5.jar:/Users/shay23bra/.m2/repository/com/google/errorprone/error_prone_annotations/2.5.1/error_prone_annotations-2.5.1.jar:/Users/shay23bra/.m2/repository/com/google/j2objc/j2objc-annotations/1.3/j2objc-annotations-1.3.jar:/Users/shay23bra/.m2/repository/com/google/code/findbugs/jsr305/3.0.2/jsr305-3.0.2.jar:/Users/shay23bra/.m2/repository/com/google/protobuf/protobuf-java/3.19.1/protobuf-java-3.19.1.jar:/Users/shay23bra/.m2/repository/com/google/code/gson/gson/2.8.8/gson-2.8.8.jar:/Users/shay23bra/.m2/repository/com/fasterxml/jackson/core/jackson-databind/2.16.1/jackson-databind-2.16.1.jar:/Users/shay23bra/.m2/repository/com/fasterxml/jackson/core/jackson-annotations/2.16.1/jackson-annotations-2.16.1.jar:/Users/shay23bra/.m2/repository/com/fasterxml/jackson/core/jackson-core/2.16.1/jackson-core-2.16.1.jar:/Users/shay23bra/.m2/repository/ai/superstream/kafka-clients/3.7.1/kafka-clients-3.7.1.jar:/Users/shay23bra/.m2/repository/org/apache/kafka/connect-api/3.2.0/connect-api-3.2.0.jar:/Users/shay23bra/.m2/repository/org/apache/kafka/kafka-clients/3.2.0/kafka-clients-3.2.0.jar:/Users/shay23bra/.m2/repository/com/github/luben/zstd-jni/1.5.2-1/zstd-jni-1.5.2-1.jar:/Users/shay23bra/.m2/repository/org/lz4/lz4-java/1.8.0/lz4-java-1.8.0.jar:/Users/shay23bra/.m2/repository/org/xerial/snappy/snappy-java/1.1.8.4/snappy-java-1.1.8.4.jar:/Users/shay23bra/.m2/repository/javax/ws/rs/javax.ws.rs-api/2.1.1/javax.ws.rs-api-2.1.1.jar:/Users/shay23bra/.m2/repository/org/apache/kafka/connect-json/3.2.0/connect-json-3.2.0.jar:/Users/shay23bra/.m2/repository/com/fasterxml/jackson/datatype/jackson-datatype-jdk8/2.12.6/jackson-datatype-jdk8-2.12.6.jar:/Users/shay23bra/.m2/repository/org/slf4j/slf4j-api/1.7.32/slf4j-api-1.7.32.jar:/Users/shay23bra/.m2/repository/org/slf4j/slf4j-simple/1.7.32/slf4j-simple-1.7.32.jar:/Users/shay23bra/.m2/repository/io/nats/jnats/2.17.3/jnats-2.17.3.jar:/Users/shay23bra/.m2/repository/net/i2p/crypto/eddsa/0.3.0/eddsa-0.3.0.jar:/Users/shay23bra/.m2/repository/ai/superstream/superstream-java/0.0.1-alpha1/superstream-java-0.0.1-alpha1.jar:"/>
    <property name="java.vm.vendor" value="Oracle Corporation"/>
    <property name="sun.arch.data.model" value="64"/>
    <property name="java.vendor.url" value="https://java.oracle.com/"/>
    <property name="os.name" value="Mac OS X"/>
    <property name="java.vm.specification.version" value="22"/>
    <property name="sun.java.launcher" value="SUN_STANDARD"/>
    <property name="user.country" value="IL"/>
    <property name="sun.boot.library.path" value="/Users/shay23bra/.sdkman/candidates/java/22-oracle/lib"/>
    <property name="sun.java.command" value="/Users/shay23bra/memphisdev/superstream.java/target/surefire/surefirebooter14524609380554998161.jar /Users/shay23bra/memphisdev/superstream.java/target/surefire 2024-04-11T16-11-06_585-jvmRun1 surefire10136389527428703194tmp surefire_013825420749801062195tmp"/>
    <property name="http.nonProxyHosts" value="local|*.local|169.254/16|*.169.254/16"/>
    <property name="jdk.debug" value="release"/>
    <property name="surefire.test.class.path" value="/Users/shay23bra/memphisdev/superstream.java/target/test-classes:/Users/shay23bra/memphisdev/superstream.java/target/classes:/Users/shay23bra/.m2/repository/junit/junit/4.11/junit-4.11.jar:/Users/shay23bra/.m2/repository/org/hamcrest/hamcrest-core/1.3/hamcrest-core-1.3.jar:/Users/shay23bra/.m2/repository/com/google/protobuf/protobuf-java-util/3.19.1/protobuf-java-util-3.19.1.jar:/Users/shay23bra/.m2/repository/com/google/guava/guava/30.1.1-android/guava-30.1.1-android.jar:/Users/shay23bra/.m2/repository/com/google/guava/failureaccess/1.0.1/failureaccess-1.0.1.jar:/Users/shay23bra/.m2/repository/com/google/guava/listenablefuture/9999.0-empty-to-avoid-conflict-with-guava/listenablefuture-9999.0-empty-to-avoid-conflict-with-guava.jar:/Users/shay23bra/.m2/repository/org/checkerframework/checker-compat-qual/2.5.5/checker-compat-qual-2.5.5.jar:/Users/shay23bra/.m2/repository/com/google/errorprone/error_prone_annotations/2.5.1/error_prone_annotations-2.5.1.jar:/Users/shay23bra/.m2/repository/com/google/j2objc/j2objc-annotations/1.3/j2objc-annotations-1.3.jar:/Users/shay23bra/.m2/repository/com/google/code/findbugs/jsr305/3.0.2/jsr305-3.0.2.jar:/Users/shay23bra/.m2/repository/com/google/protobuf/protobuf-java/3.19.1/protobuf-java-3.19.1.jar:/Users/shay23bra/.m2/repository/com/google/code/gson/gson/2.8.8/gson-2.8.8.jar:/Users/shay23bra/.m2/repository/com/fasterxml/jackson/core/jackson-databind/2.16.1/jackson-databind-2.16.1.jar:/Users/shay23bra/.m2/repository/com/fasterxml/jackson/core/jackson-annotations/2.16.1/jackson-annotations-2.16.1.jar:/Users/shay23bra/.m2/repository/com/fasterxml/jackson/core/jackson-core/2.16.1/jackson-core-2.16.1.jar:/Users/shay23bra/.m2/repository/ai/superstream/kafka-clients/3.7.1/kafka-clients-3.7.1.jar:/Users/shay23bra/.m2/repository/org/apache/kafka/connect-api/3.2.0/connect-api-3.2.0.jar:/Users/shay23bra/.m2/repository/org/apache/kafka/kafka-clients/3.2.0/kafka-clients-3.2.0.jar:/Users/shay23bra/.m2/repository/com/github/luben/zstd-jni/1.5.2-1/zstd-jni-1.5.2-1.jar:/Users/shay23bra/.m2/repository/org/lz4/lz4-java/1.8.0/lz4-java-1.8.0.jar:/Users/shay23bra/.m2/repository/org/xerial/snappy/snappy-java/1.1.8.4/snappy-java-1.1.8.4.jar:/Users/shay23bra/.m2/repository/javax/ws/rs/javax.ws.rs-api/2.1.1/javax.ws.rs-api-2.1.1.jar:/Users/shay23bra/.m2/repository/org/apache/kafka/connect-json/3.2.0/connect-json-3.2.0.jar:/Users/shay23bra/.m2/repository/com/fasterxml/jackson/datatype/jackson-datatype-jdk8/2.12.6/jackson-datatype-jdk8-2.12.6.jar:/Users/shay23bra/.m2/repository/org/slf4j/slf4j-api/1.7.32/slf4j-api-1.7.32.jar:/Users/shay23bra/.m2/repository/org/slf4j/slf4j-simple/1.7.32/slf4j-simple-1.7.32.jar:/Users/shay23bra/.m2/repository/io/nats/jnats/2.17.3/jnats-2.17.3.jar:/Users/shay23bra/.m2/repository/net/i2p/crypto/eddsa/0.3.0/eddsa-0.3.0.jar:/Users/shay23bra/.m2/repository/ai/superstream/superstream-java/0.0.1-alpha1/superstream-java-0.0.1-alpha1.jar:"/>
    <property name="sun.cpu.endian" value="little"/>
    <property name="user.home" value="/Users/shay23bra"/>
    <property name="user.language" value="en"/>
    <property name="java.specification.vendor" value="Oracle Corporation"/>
    <property name="java.version.date" value="2024-03-19"/>
    <property name="java.home" value="/Users/shay23bra/.sdkman/candidates/java/22-oracle"/>
    <property name="file.separator" value="/"/>
    <property name="basedir" value="/Users/shay23bra/memphisdev/superstream.java"/>
    <property name="java.vm.compressedOopsMode" value="Zero based"/>
    <property name="line.separator" value="&#10;"/>
    <property name="java.vm.specification.vendor" value="Oracle Corporation"/>
    <property name="java.specification.name" value="Java Platform API Specification"/>
    <property name="apple.awt.application.name" value="ForkedBooter"/>
    <property name="surefire.real.class.path" value="/Users/shay23bra/memphisdev/superstream.java/target/surefire/surefirebooter14524609380554998161.jar"/>
    <property name="sun.management.compiler" value="HotSpot 64-Bit Tiered Compilers"/>
    <property name="ftp.nonProxyHosts" value="local|*.local|169.254/16|*.169.254/16"/>
    <property name="java.runtime.version" value="22+36-2370"/>
    <property name="user.name" value="shay23bra"/>
    <property name="stdout.encoding" value="UTF-8"/>
    <property name="path.separator" value=":"/>
    <property name="os.version" value="14.2.1"/>
    <property name="java.runtime.name" value="Java(TM) SE Runtime Environment"/>
    <property name="file.encoding" value="UTF-8"/>
    <property name="java.vm.name" value="Java HotSpot(TM) 64-Bit Server VM"/>
    <property name="localRepository" value="/Users/shay23bra/.m2/repository"/>
    <property name="java.vendor.url.bug" value="https://bugreport.java.com/bugreport/"/>
    <property name="java.io.tmpdir" value="/var/folders/65/4t5f66v12q7ftgbk05_cn1_c0000gn/T/"/>
    <property name="java.version" value="22"/>
    <property name="user.dir" value="/Users/shay23bra/memphisdev/superstream.java"/>
    <property name="os.arch" value="aarch64"/>
    <property name="java.vm.specification.name" value="Java Virtual Machine Specification"/>
    <property name="native.encoding" value="UTF-8"/>
    <property name="java.library.path" value="/Users/shay23bra/Library/Java/Extensions:/Library/Java/Extensions:/Network/Library/Java/Extensions:/System/Library/Java/Extensions:/usr/lib/java:."/>
    <property name="java.vm.info" value="mixed mode, sharing"/>
    <property name="stderr.encoding" value="UTF-8"/>
    <property name="java.vendor" value="Oracle Corporation"/>
    <property name="java.vm.version" value="22+36-2370"/>
    <property name="sun.io.unicode.encoding" value="UnicodeBig"/>
    <property name="socksNonProxyHosts" value="local|*.local|169.254/16|*.169.254/16"/>
    <property name="java.class.version" value="66.0"/>
  </properties>
  <testcase name="testApp" classname="superstream.AppTest" time="0.001"/>
</testsuite>